[2026-03-11 10:00:27] [INFO] Logger initialized
[2026-03-11 10:00:27] [INFO] System started
[2026-03-11 10:00:27] [INFO] Processing order 1
[2026-03-11 10:00:27] [INFO] [ORDER 1] Status changed to: processing
[2026-03-11 10:00:27] [INFO] Order 1 total: $190.000000
[2026-03-11 10:00:27] [INFO] Processing order 2
[2026-03-11 10:00:27] [INFO] [ORDER 2] Status changed to: processing
[2026-03-11 10:00:27] [INFO] Order 2 total: $409.600000
[2026-03-11 10:00:27] [INFO] Processing order 3
[2026-03-11 10:00:27] [INFO] [ORDER 3] Status changed to: processing
[2026-03-11 10:00:27] [INFO] Order 3 total: $117.988000
[2026-03-11 10:00:27] [INFO] Processing order 4
[2026-03-11 10:00:27] [INFO] [ORDER 4] Status changed to: processing
[2026-03-11 10:00:27] [INFO] Order 4 total: $565.000000
[2026-03-11 10:00:27] [INFO] Processing order 5
[2026-03-11 10:00:27] [INFO] [ORDER 5] Status changed to: processing
[2026-03-11 10:00:27] [INFO] Order 5 total: $340.300000
[2026-03-11 10:00:27] [INFO] [ORDER 1] Status changed to: shipped
[2026-03-11 10:00:27] [INFO] [ORDER 3] Status changed to: shipped
[2026-03-11 10:00:27] [INFO] [ORDER 1] Status changed to: delivered
[2026-03-11 10:00:27] [INFO] Generating report: summary
[2026-03-11 10:00:27] [INFO] Generating report: detailed
[2026-03-11 10:00:27] [INFO] Generating report: customer
[2026-03-11 10:00:27] [INFO] Generating report: payment
[2026-03-11 10:00:27] [INFO] System shutdown
[2026-03-11 12:52:45] [INFO] Logger initialized
[2026-03-11 12:52:45] [INFO] System started
[2026-03-11 12:52:45] [INFO] Processing order 1
[2026-03-11 12:52:45] [INFO] [ORDER 1] Status changed to: processing
[2026-03-11 12:52:45] [INFO] Order 1 total: $190.000000
[2026-03-11 12:52:45] [INFO] Processing order 2
[2026-03-11 12:52:45] [INFO] [ORDER 2] Status changed to: processing
[2026-03-11 12:52:45] [INFO] Order 2 total: $409.600000
[2026-03-11 12:52:45] [INFO] Processing order 3
[2026-03-11 12:52:45] [INFO] [ORDER 3] Status changed to: processing
[2026-03-11 12:52:45] [INFO] Order 3 total: $117.988000
[2026-03-11 12:52:45] [INFO] Processing order 4
[2026-03-11 12:52:45] [INFO] [ORDER 4] Status changed to: processing
[2026-03-11 12:52:45] [INFO] Order 4 total: $565.000000
[2026-03-11 12:52:45] [INFO] Processing order 5
[2026-03-11 12:52:45] [INFO] [ORDER 5] Status changed to: processing
[2026-03-11 12:52:45] [INFO] Order 5 total: $340.300000
[2026-03-11 12:52:45] [INFO] [ORDER 1] Status changed to: shipped
[2026-03-11 12:52:45] [INFO] [ORDER 3] Status changed to: shipped
[2026-03-11 12:52:45] [INFO] [ORDER 1] Status changed to: delivered
[2026-03-11 12:52:45] [INFO] Generating report: summary
[2026-03-11 12:52:45] [INFO] Generating report: detailed
[2026-03-11 12:52:45] [INFO] Generating report: customer
[2026-03-11 12:52:45] [INFO] Generating report: payment
[2026-03-11 12:52:45] [INFO] System shutdown
